{"C:\\Users\\srinivasan_n1\\Kernel\\Git Work\\react-minions\\app\\App.js": {"path":"C:\\Users\\srinivasan_n1\\Kernel\\Git Work\\react-minions\\app\\App.js","statementMap":{"0":{"start":{"line":18,"column":4},"end":{"line":25,"column":6}}},"fnMap":{"0":{"name":"(anonymous_0)","decl":{"start":{"line":17,"column":2},"end":{"line":17,"column":3}},"loc":{"start":{"line":17,"column":11},"end":{"line":26,"column":3}},"line":17}},"branchMap":{},"s":{"0":1},"f":{"0":1},"b":{},"_coverageSchema":"43e27e138ebf9cfc5966b082cf9a028302ed4184","hash":"8098e4e734d3f7944139dfdfea6772777409bfc7"}
}
